<?xml version="1.0" encoding="UTF-8"?>
<testsuite name="SensorTest" tests="9" skipped="0" failures="0" errors="0" timestamp="2024-02-12T09:37:28" hostname="Monika-MacBook-Pro.local" time="0.034">
  <properties/>
  <testcase name="should compare two sensors with different unit" classname="SensorTest" time="0.015"/>
  <testcase name="should convert Fahrenheit to Fahrenheit - returns the same object" classname="SensorTest" time="0.01"/>
  <testcase name="should convert Fahrenheit to Celsius" classname="SensorTest" time="0.0"/>
  <testcase name="should compare two sensors with same unit" classname="SensorTest" time="0.001"/>
  <testcase name="should have isFarhenheit method" classname="SensorTest" time="0.0"/>
  <testcase name="should validate unit" classname="SensorTest" time="0.001"/>
  <testcase name="should convert Celsius to Fahrenheit" classname="SensorTest" time="0.0"/>
  <testcase name="should convert Celsius to Celsius - returns the same object" classname="SensorTest" time="0.0"/>
  <testcase name="should have isCelsius method" classname="SensorTest" time="0.0"/>
  <system-out><![CDATA[]]></system-out>
  <system-err><![CDATA[]]></system-err>
</testsuite>
