<?xml version="1.0" encoding="UTF-8"?>
<testsuite name="SensorTest" tests="2" skipped="0" failures="0" errors="0" timestamp="2024-02-12T09:37:27" hostname="Monika-MacBook-Pro.local" time="0.016">
  <properties/>
  <testcase name="should validate unit" classname="SensorTest" time="0.015"/>
  <testcase name="should instantiate Sensor" classname="SensorTest" time="0.0"/>
  <system-out><![CDATA[]]></system-out>
  <system-err><![CDATA[]]></system-err>
</testsuite>
