<?xml version="1.0" encoding="UTF-8"?>
<testsuite name="RectangleTest" tests="2" skipped="0" failures="0" errors="0" timestamp="2024-02-12T09:37:36" hostname="Monika-MacBook-Pro.local" time="0.014">
  <properties/>
  <testcase name="should implement Square.toCuboid()" classname="RectangleTest" time="0.013"/>
  <testcase name="should implement Rectangle" classname="RectangleTest" time="0.0"/>
  <system-out><![CDATA[]]></system-out>
  <system-err><![CDATA[]]></system-err>
</testsuite>
