<?xml version="1.0" encoding="UTF-8"?>
<testsuite name="SquareTest" tests="4" skipped="0" failures="0" errors="0" timestamp="2024-02-12T09:37:36" hostname="Monika-MacBook-Pro.local" time="0.005">
  <properties/>
  <testcase name="should implement Square.toCube()" classname="SquareTest" time="0.0"/>
  <testcase name="Square should extend Rectangle" classname="SquareTest" time="0.001"/>
  <testcase name="should implement Square.toCuboid()" classname="SquareTest" time="0.001"/>
  <testcase name="should implement Square" classname="SquareTest" time="0.001"/>
  <system-out><![CDATA[]]></system-out>
  <system-err><![CDATA[]]></system-err>
</testsuite>
