<?xml version="1.0" encoding="UTF-8"?>
<testsuite name="com.harbourspace.model.MeteoStationTest" tests="1" skipped="0" failures="0" errors="0" timestamp="2024-02-12T09:37:23" hostname="Monika-MacBook-Pro.local" time="0.012">
  <properties/>
  <testcase name="testSolution()" classname="com.harbourspace.model.MeteoStationTest" time="0.012"/>
  <system-out><![CDATA[]]></system-out>
  <system-err><![CDATA[]]></system-err>
</testsuite>
