<?xml version="1.0" encoding="UTF-8"?>
<testsuite name="MessageQueueServiceTest" tests="3" skipped="0" failures="0" errors="0" timestamp="2024-02-12T09:37:32" hostname="Monika-MacBook-Pro.local" time="0.524">
  <properties/>
  <testcase name="should connect, poll and disconnect" classname="MessageQueueServiceTest" time="0.497"/>
  <testcase name="should handle poll error" classname="MessageQueueServiceTest" time="0.02"/>
  <testcase name="should handle connection error" classname="MessageQueueServiceTest" time="0.003"/>
  <system-out><![CDATA[Message: OK
Error: Error while processing message.
Handling runtime exception ... 
Error: Message queue is not connected.
]]></system-out>
  <system-err><![CDATA[]]></system-err>
</testsuite>
