<?xml version="1.0" encoding="UTF-8"?>
<testsuite name="UnitTypeTest" tests="2" skipped="0" failures="0" errors="0" timestamp="2024-02-12T09:37:30" hostname="Monika-MacBook-Pro.local" time="0.002">
  <properties/>
  <testcase name="should have FAHRENHEIT value with F symbol" classname="UnitTypeTest" time="0.001"/>
  <testcase name="should have CELSIUS value with C symbol" classname="UnitTypeTest" time="0.0"/>
  <system-out><![CDATA[]]></system-out>
  <system-err><![CDATA[]]></system-err>
</testsuite>
