<?xml version="1.0" encoding="UTF-8"?>
<testsuite name="MeteoStationTest" tests="3" skipped="0" failures="0" errors="0" timestamp="2024-02-12T09:37:30" hostname="Monika-MacBook-Pro.local" time="0.012">
  <properties/>
  <testcase name="test class secondary constructor" classname="MeteoStationTest" time="0.009"/>
  <testcase name="test class primary constructor" classname="MeteoStationTest" time="0.001"/>
  <testcase name="test position setter" classname="MeteoStationTest" time="0.001"/>
  <system-out><![CDATA[]]></system-out>
  <system-err><![CDATA[]]></system-err>
</testsuite>
